0 info it worked if it ends with ok
1 verbose cli [ '/usr/local/bin/node', '/usr/local/bin/npm', 'run', 'develop' ]
2 info using npm@3.10.8
3 info using node@v6.9.1
4 verbose run-script [ 'predevelop', 'develop', 'postdevelop' ]
5 info lifecycle gatsby-starter-default@1.0.0~predevelop: gatsby-starter-default@1.0.0
6 silly lifecycle gatsby-starter-default@1.0.0~predevelop: no script for predevelop, continuing
7 info lifecycle gatsby-starter-default@1.0.0~develop: gatsby-starter-default@1.0.0
8 verbose lifecycle gatsby-starter-default@1.0.0~develop: unsafe-perm in lifecycle true
9 verbose lifecycle gatsby-starter-default@1.0.0~develop: PATH: /usr/local/lib/node_modules/npm/bin/node-gyp-bin:/Users/seandolinar/sd/seandolinar-gatsby/node_modules/.bin:/opt/local/bin:/opt/local/sbin:/Applications/Postgres.app/Contents/Versions/9.6/bin:/Library/PostgreSQL/9.5/bin:/usr/local/bin:/usr/bin:/bin:/usr/sbin:/sbin:/usr/local/share/dotnet:/opt/X11/bin:~/.dotnet/tools:/Library/Frameworks/Mono.framework/Versions/Current/Commands:/Applications/Wireshark.app/Contents/MacOS:/opt/local/bin:/opt/local/sbin:/Applications/Postgres.app/Contents/Versions/9.6/bin:/Library/PostgreSQL/9.5/bin
10 verbose lifecycle gatsby-starter-default@1.0.0~develop: CWD: /Users/seandolinar/sd/seandolinar-gatsby
11 silly lifecycle gatsby-starter-default@1.0.0~develop: Args: [ '-c', 'gatsby develop' ]
12 silly lifecycle gatsby-starter-default@1.0.0~develop: Returned: code: 1  signal: null
13 info lifecycle gatsby-starter-default@1.0.0~develop: Failed to exec develop script
14 verbose stack Error: gatsby-starter-default@1.0.0 develop: `gatsby develop`
14 verbose stack Exit status 1
14 verbose stack     at EventEmitter.<anonymous> (/usr/local/lib/node_modules/npm/lib/utils/lifecycle.js:255:16)
14 verbose stack     at emitTwo (events.js:106:13)
14 verbose stack     at EventEmitter.emit (events.js:191:7)
14 verbose stack     at ChildProcess.<anonymous> (/usr/local/lib/node_modules/npm/lib/utils/spawn.js:40:14)
14 verbose stack     at emitTwo (events.js:106:13)
14 verbose stack     at ChildProcess.emit (events.js:191:7)
14 verbose stack     at maybeClose (internal/child_process.js:877:16)
14 verbose stack     at Process.ChildProcess._handle.onexit (internal/child_process.js:226:5)
15 verbose pkgid gatsby-starter-default@1.0.0
16 verbose cwd /Users/seandolinar/sd/seandolinar-gatsby
17 error Darwin 18.7.0
18 error argv "/usr/local/bin/node" "/usr/local/bin/npm" "run" "develop"
19 error node v6.9.1
20 error npm  v3.10.8
21 error code ELIFECYCLE
22 error gatsby-starter-default@1.0.0 develop: `gatsby develop`
22 error Exit status 1
23 error Failed at the gatsby-starter-default@1.0.0 develop script 'gatsby develop'.
23 error Make sure you have the latest version of node.js and npm installed.
23 error If you do, this is most likely a problem with the gatsby-starter-default package,
23 error not with npm itself.
23 error Tell the author that this fails on your system:
23 error     gatsby develop
23 error You can get information on how to open an issue for this project with:
23 error     npm bugs gatsby-starter-default
23 error Or if that isn't available, you can get their info via:
23 error     npm owner ls gatsby-starter-default
23 error There is likely additional logging output above.
24 verbose exit [ 1, true ]
